2023-02-09 15:10:17,919 [Worker-3: Loading available Gradle versions] INFO  o.e.b.c.i.u.g.PublishedGradleVersions - Gradle version information cache is out-of-date. Trying to update.
2023-02-09 15:10:46,108 [Worker-26: Building] INFO  o.e.m.c.i.l.LifecycleMappingFactory - Using org.eclipse.m2e.jdt.JarLifecycleMapping lifecycle mapping for MavenProject: digitalinnovation.one:lab-padroes-projeto-spring:0.0.1-SNAPSHOT @ C:\Users\Núcleo\Desktop\projetos\desafio-dio\lab-padroes-projeto-spring\pom.xml.
2023-02-09 15:10:54,665 [Worker-26: Building] INFO  o.e.m.c.i.embedder.EclipseLogger - Using 'UTF-8' encoding to copy filtered resources.
2023-02-09 15:10:54,666 [Worker-26: Building] INFO  o.e.m.c.i.embedder.EclipseLogger - Using 'UTF-8' encoding to copy filtered properties files.
2023-02-09 15:10:54,676 [Worker-26: Building] INFO  o.e.m.c.i.embedder.EclipseLogger - Copying 0 resource
2023-02-09 15:10:54,677 [Worker-26: Building] INFO  o.e.m.c.i.embedder.EclipseLogger - Copying 0 resource
2023-02-09 15:10:54,684 [Worker-26: Building] INFO  o.e.m.c.i.embedder.EclipseLogger - Using 'UTF-8' encoding to copy filtered resources.
2023-02-09 15:10:54,684 [Worker-26: Building] INFO  o.e.m.c.i.embedder.EclipseLogger - Using 'UTF-8' encoding to copy filtered properties files.
2023-02-09 15:10:54,684 [Worker-26: Building] INFO  o.e.m.c.i.embedder.EclipseLogger - skip non existing resourceDirectory C:\Users\Núcleo\Desktop\projetos\desafio-dio\lab-padroes-projeto-spring\src\test\resources
2023-02-09 15:10:54,722 [Worker-25: Updating Maven Project] INFO  o.e.m.c.i.p.ProjectConfigurationManager - Update started
2023-02-09 15:10:54,743 [Worker-19: Updating Maven Dependencies] INFO  o.e.m.c.i.l.LifecycleMappingFactory - Using org.eclipse.m2e.jdt.JarLifecycleMapping lifecycle mapping for MavenProject: digitalinnovation.one:lab-padroes-projeto-spring:0.0.1-SNAPSHOT @ C:\Users\Núcleo\Desktop\projetos\desafio-dio\lab-padroes-projeto-spring\pom.xml.
2023-02-09 15:10:55,322 [Worker-25: Updating Maven Project] INFO  o.e.m.c.i.l.LifecycleMappingFactory - Using org.eclipse.m2e.jdt.JarLifecycleMapping lifecycle mapping for MavenProject: digitalinnovation.one:lab-padroes-projeto-spring:0.0.1-SNAPSHOT @ C:\Users\Núcleo\Desktop\projetos\desafio-dio\lab-padroes-projeto-spring\pom.xml.
2023-02-09 15:10:56,948 [Worker-25: Updating Maven Project] INFO  o.e.m.j.i.AbstractJavaProjectConfigurator - Adding source folder /lab-padroes-projeto-spring/src/main/java
2023-02-09 15:10:56,948 [Worker-25: Updating Maven Project] INFO  o.e.m.j.i.AbstractJavaProjectConfigurator - Adding resource folder /lab-padroes-projeto-spring/src/main/resources
2023-02-09 15:10:56,949 [Worker-25: Updating Maven Project] INFO  o.e.m.j.i.AbstractJavaProjectConfigurator - Adding resource folder /lab-padroes-projeto-spring/src/main/resources
2023-02-09 15:10:56,950 [Worker-25: Updating Maven Project] INFO  o.e.m.j.i.AbstractJavaProjectConfigurator - Adding source folder /lab-padroes-projeto-spring/src/test/java
2023-02-09 15:10:57,704 [Worker-25: Updating Maven Project] INFO  o.e.m.c.i.p.ProjectConfigurationManager - Update completed for 1 poms: local refresh takes 0,00 sec, refresh facades takes 1,00 sec, update config takes 0,00 sec 
2023-02-09 15:10:57,719 [Worker-8: Updating Maven Project] INFO  o.e.m.c.i.p.ProjectConfigurationManager - Update started
2023-02-09 15:10:58,376 [Worker-8: Updating Maven Project] INFO  o.e.m.c.i.l.LifecycleMappingFactory - Using org.eclipse.m2e.jdt.JarLifecycleMapping lifecycle mapping for MavenProject: digitalinnovation.one:lab-padroes-projeto-spring:0.0.1-SNAPSHOT @ C:\Users\Núcleo\Desktop\projetos\desafio-dio\lab-padroes-projeto-spring\pom.xml.
2023-02-09 15:11:01,185 [Worker-8: Updating Maven Project] INFO  o.e.m.j.i.AbstractJavaProjectConfigurator - Adding source folder /lab-padroes-projeto-spring/src/main/java
2023-02-09 15:11:01,186 [Worker-8: Updating Maven Project] INFO  o.e.m.j.i.AbstractJavaProjectConfigurator - Adding resource folder /lab-padroes-projeto-spring/src/main/resources
2023-02-09 15:11:01,186 [Worker-8: Updating Maven Project] INFO  o.e.m.j.i.AbstractJavaProjectConfigurator - Adding resource folder /lab-padroes-projeto-spring/src/main/resources
2023-02-09 15:11:01,188 [Worker-8: Updating Maven Project] INFO  o.e.m.j.i.AbstractJavaProjectConfigurator - Adding source folder /lab-padroes-projeto-spring/src/test/java
2023-02-09 15:11:02,214 [Worker-8: Updating Maven Project] INFO  o.e.m.c.i.p.ProjectConfigurationManager - Update completed for 1 poms: local refresh takes 0,00 sec, refresh facades takes 3,00 sec, update config takes 0,00 sec 
2023-02-09 15:11:02,315 [Worker-6: Updating Maven Dependencies] INFO  o.e.m.c.i.l.LifecycleMappingFactory - Using org.eclipse.m2e.jdt.JarLifecycleMapping lifecycle mapping for MavenProject: digitalinnovation.one:lab-padroes-projeto-spring:0.0.1-SNAPSHOT @ C:\Users\Núcleo\Desktop\projetos\desafio-dio\lab-padroes-projeto-spring\pom.xml.
2023-02-09 15:11:03,799 [Worker-13: Building] INFO  o.e.m.c.i.embedder.EclipseLogger - Using 'UTF-8' encoding to copy filtered resources.
2023-02-09 15:11:03,800 [Worker-13: Building] INFO  o.e.m.c.i.embedder.EclipseLogger - Using 'UTF-8' encoding to copy filtered properties files.
2023-02-09 15:11:03,801 [Worker-13: Building] INFO  o.e.m.c.i.embedder.EclipseLogger - Copying 0 resource
2023-02-09 15:11:03,803 [Worker-13: Building] INFO  o.e.m.c.i.embedder.EclipseLogger - Copying 0 resource
2023-02-09 15:11:03,816 [Worker-13: Building] INFO  o.e.m.c.i.embedder.EclipseLogger - Using 'UTF-8' encoding to copy filtered resources.
2023-02-09 15:11:03,816 [Worker-13: Building] INFO  o.e.m.c.i.embedder.EclipseLogger - Using 'UTF-8' encoding to copy filtered properties files.
2023-02-09 15:11:03,817 [Worker-13: Building] INFO  o.e.m.c.i.embedder.EclipseLogger - skip non existing resourceDirectory C:\Users\Núcleo\Desktop\projetos\desafio-dio\lab-padroes-projeto-spring\src\test\resources
2023-02-09 15:11:05,076 [Worker-30: Building] INFO  o.e.m.c.i.embedder.EclipseLogger - Using 'UTF-8' encoding to copy filtered resources.
2023-02-09 15:11:05,076 [Worker-30: Building] INFO  o.e.m.c.i.embedder.EclipseLogger - Using 'UTF-8' encoding to copy filtered properties files.
2023-02-09 15:11:05,084 [Worker-30: Building] INFO  o.e.m.c.i.embedder.EclipseLogger - Copying 0 resource
2023-02-09 15:11:05,086 [Worker-30: Building] INFO  o.e.m.c.i.embedder.EclipseLogger - Copying 0 resource
2023-02-09 15:11:05,094 [Worker-30: Building] INFO  o.e.m.c.i.embedder.EclipseLogger - Using 'UTF-8' encoding to copy filtered resources.
2023-02-09 15:11:05,094 [Worker-30: Building] INFO  o.e.m.c.i.embedder.EclipseLogger - Using 'UTF-8' encoding to copy filtered properties files.
2023-02-09 15:11:05,094 [Worker-30: Building] INFO  o.e.m.c.i.embedder.EclipseLogger - skip non existing resourceDirectory C:\Users\Núcleo\Desktop\projetos\desafio-dio\lab-padroes-projeto-spring\src\test\resources
2023-02-10 10:17:52,021 [Worker-4: Loading available Gradle versions] INFO  o.e.b.c.i.u.g.PublishedGradleVersions - Gradle version information cache is up-to-date. Trying to read.
2023-02-10 10:20:00,669 [Worker-22: Creating project "contas-pagar"] INFO  o.e.m.c.i.l.LifecycleMappingFactory - Using org.eclipse.m2e.jdt.JarLifecycleMapping lifecycle mapping for MavenProject: br.com.viladev.financeiro:contas-pagar:0.0.1-SNAPSHOT @ C:\Users\Núcleo\eclipse-workspace\contas-pagar\pom.xml.
2023-02-10 10:20:01,343 [Worker-22: Creating project "contas-pagar"] INFO  o.e.m.j.i.AbstractJavaProjectConfigurator - Adding source folder /contas-pagar/src/main/java
2023-02-10 10:20:01,345 [Worker-22: Creating project "contas-pagar"] INFO  o.e.m.j.i.AbstractJavaProjectConfigurator - Adding resource folder /contas-pagar/src/main/resources
2023-02-10 10:20:01,346 [Worker-22: Creating project "contas-pagar"] INFO  o.e.m.j.i.AbstractJavaProjectConfigurator - Adding source folder /contas-pagar/src/test/java
2023-02-10 10:20:01,346 [Worker-22: Creating project "contas-pagar"] INFO  o.e.m.j.i.AbstractJavaProjectConfigurator - Adding resource folder /contas-pagar/src/test/resources
2023-02-10 10:20:01,632 [Worker-22: Building] WARN  o.e.m.c.i.embedder.EclipseLogger - Using platform encoding (Cp1252 actually) to copy filtered resources, i.e. build is platform dependent!
2023-02-10 10:20:01,636 [Worker-22: Building] INFO  o.e.m.c.i.embedder.EclipseLogger - Copying 0 resource
2023-02-10 10:20:01,640 [Worker-22: Building] WARN  o.e.m.c.i.embedder.EclipseLogger - Using platform encoding (Cp1252 actually) to copy filtered resources, i.e. build is platform dependent!
2023-02-10 10:20:01,641 [Worker-22: Building] INFO  o.e.m.c.i.embedder.EclipseLogger - Copying 0 resource
2023-02-10 10:21:44,201 [Worker-27: Building] INFO  o.e.m.c.i.l.LifecycleMappingFactory - Using org.eclipse.m2e.jdt.JarLifecycleMapping lifecycle mapping for MavenProject: br.com.viladev.financeiro:contas-pagar:0.0.1-SNAPSHOT @ C:\Users\Núcleo\eclipse-workspace\contas-pagar\pom.xml.
2023-02-10 10:21:44,295 [Worker-27: Building] WARN  o.e.m.c.i.embedder.EclipseLogger - Using platform encoding (Cp1252 actually) to copy filtered resources, i.e. build is platform dependent!
2023-02-10 10:21:44,298 [Worker-27: Building] INFO  o.e.m.c.i.embedder.EclipseLogger - Copying 0 resource
2023-02-10 10:21:44,300 [Worker-27: Building] WARN  o.e.m.c.i.embedder.EclipseLogger - Using platform encoding (Cp1252 actually) to copy filtered resources, i.e. build is platform dependent!
2023-02-10 10:21:44,301 [Worker-27: Building] INFO  o.e.m.c.i.embedder.EclipseLogger - Copying 0 resource
2023-02-10 10:21:53,801 [Worker-0: Launching Executing install in C__Users_Núcleo_eclipse-workspace_contas-pagar] INFO  o.eclipse.m2e.core.internal.Bundles - getClasspathEntries(Bundle=org.eclipse.m2e.maven.runtime_3.8.604.20221130-2149 [270])
2023-02-10 10:21:53,806 [Worker-0: Launching Executing install in C__Users_Núcleo_eclipse-workspace_contas-pagar] INFO  o.eclipse.m2e.core.internal.Bundles - 	Entry: C:\Users\Núcleo\eclipse\plugins\org.eclipse.m2e.maven.runtime_3.8.604.20221130-2149
2023-02-10 10:21:53,806 [Worker-0: Launching Executing install in C__Users_Núcleo_eclipse-workspace_contas-pagar] INFO  o.eclipse.m2e.core.internal.Bundles - 	Entry: C:\Users\Núcleo\eclipse\plugins\org.eclipse.m2e.maven.runtime_3.8.604.20221130-2149\jars\aether-connector-okhttp-0.17.8.jar
2023-02-10 10:21:53,807 [Worker-0: Launching Executing install in C__Users_Núcleo_eclipse-workspace_contas-pagar] INFO  o.eclipse.m2e.core.internal.Bundles - 	Entry: C:\Users\Núcleo\eclipse\plugins\org.eclipse.m2e.maven.runtime_3.8.604.20221130-2149\jars\commons-cli-1.4.jar
2023-02-10 10:21:53,807 [Worker-0: Launching Executing install in C__Users_Núcleo_eclipse-workspace_contas-pagar] INFO  o.eclipse.m2e.core.internal.Bundles - 	Entry: C:\Users\Núcleo\eclipse\plugins\org.eclipse.m2e.maven.runtime_3.8.604.20221130-2149\jars\commons-io-2.6.jar
2023-02-10 10:21:53,807 [Worker-0: Launching Executing install in C__Users_Núcleo_eclipse-workspace_contas-pagar] INFO  o.eclipse.m2e.core.internal.Bundles - 	Entry: C:\Users\Núcleo\eclipse\plugins\org.eclipse.m2e.maven.runtime_3.8.604.20221130-2149\jars\commons-lang3-3.8.1.jar
2023-02-10 10:21:53,807 [Worker-0: Launching Executing install in C__Users_Núcleo_eclipse-workspace_contas-pagar] INFO  o.eclipse.m2e.core.internal.Bundles - 	Entry: C:\Users\Núcleo\eclipse\plugins\org.eclipse.m2e.maven.runtime_3.8.604.20221130-2149\jars\guice-4.2.2-no_aop.jar
2023-02-10 10:21:53,807 [Worker-0: Launching Executing install in C__Users_Núcleo_eclipse-workspace_contas-pagar] INFO  o.eclipse.m2e.core.internal.Bundles - 	Entry: C:\Users\Núcleo\eclipse\plugins\org.eclipse.m2e.maven.runtime_3.8.604.20221130-2149\jars\jansi-2.4.0.jar
2023-02-10 10:21:53,808 [Worker-0: Launching Executing install in C__Users_Núcleo_eclipse-workspace_contas-pagar] INFO  o.eclipse.m2e.core.internal.Bundles - 	Entry: C:\Users\Núcleo\eclipse\plugins\org.eclipse.m2e.maven.runtime_3.8.604.20221130-2149\jars\maven-artifact-3.8.6.jar
2023-02-10 10:21:53,808 [Worker-0: Launching Executing install in C__Users_Núcleo_eclipse-workspace_contas-pagar] INFO  o.eclipse.m2e.core.internal.Bundles - 	Entry: C:\Users\Núcleo\eclipse\plugins\org.eclipse.m2e.maven.runtime_3.8.604.20221130-2149\jars\maven-builder-support-3.8.6.jar
2023-02-10 10:21:53,808 [Worker-0: Launching Executing install in C__Users_Núcleo_eclipse-workspace_contas-pagar] INFO  o.eclipse.m2e.core.internal.Bundles - 	Entry: C:\Users\Núcleo\eclipse\plugins\org.eclipse.m2e.maven.runtime_3.8.604.20221130-2149\jars\maven-compat-3.8.6.jar
2023-02-10 10:21:53,808 [Worker-0: Launching Executing install in C__Users_Núcleo_eclipse-workspace_contas-pagar] INFO  o.eclipse.m2e.core.internal.Bundles - 	Entry: C:\Users\Núcleo\eclipse\plugins\org.eclipse.m2e.maven.runtime_3.8.604.20221130-2149\jars\maven-core-3.8.6.jar
2023-02-10 10:21:53,809 [Worker-0: Launching Executing install in C__Users_Núcleo_eclipse-workspace_contas-pagar] INFO  o.eclipse.m2e.core.internal.Bundles - 	Entry: C:\Users\Núcleo\eclipse\plugins\org.eclipse.m2e.maven.runtime_3.8.604.20221130-2149\jars\maven-embedder-3.8.6.jar
2023-02-10 10:21:53,809 [Worker-0: Launching Executing install in C__Users_Núcleo_eclipse-workspace_contas-pagar] INFO  o.eclipse.m2e.core.internal.Bundles - 	Entry: C:\Users\Núcleo\eclipse\plugins\org.eclipse.m2e.maven.runtime_3.8.604.20221130-2149\jars\maven-model-3.8.6.jar
2023-02-10 10:21:53,809 [Worker-0: Launching Executing install in C__Users_Núcleo_eclipse-workspace_contas-pagar] INFO  o.eclipse.m2e.core.internal.Bundles - 	Entry: C:\Users\Núcleo\eclipse\plugins\org.eclipse.m2e.maven.runtime_3.8.604.20221130-2149\jars\maven-model-builder-3.8.6.jar
2023-02-10 10:21:53,809 [Worker-0: Launching Executing install in C__Users_Núcleo_eclipse-workspace_contas-pagar] INFO  o.eclipse.m2e.core.internal.Bundles - 	Entry: C:\Users\Núcleo\eclipse\plugins\org.eclipse.m2e.maven.runtime_3.8.604.20221130-2149\jars\maven-plugin-api-3.8.6.jar
2023-02-10 10:21:53,809 [Worker-0: Launching Executing install in C__Users_Núcleo_eclipse-workspace_contas-pagar] INFO  o.eclipse.m2e.core.internal.Bundles - 	Entry: C:\Users\Núcleo\eclipse\plugins\org.eclipse.m2e.maven.runtime_3.8.604.20221130-2149\jars\maven-repository-metadata-3.8.6.jar
2023-02-10 10:21:53,809 [Worker-0: Launching Executing install in C__Users_Núcleo_eclipse-workspace_contas-pagar] INFO  o.eclipse.m2e.core.internal.Bundles - 	Entry: C:\Users\Núcleo\eclipse\plugins\org.eclipse.m2e.maven.runtime_3.8.604.20221130-2149\jars\maven-resolver-api-1.6.3.jar
2023-02-10 10:21:53,809 [Worker-0: Launching Executing install in C__Users_Núcleo_eclipse-workspace_contas-pagar] INFO  o.eclipse.m2e.core.internal.Bundles - 	Entry: C:\Users\Núcleo\eclipse\plugins\org.eclipse.m2e.maven.runtime_3.8.604.20221130-2149\jars\maven-resolver-connector-basic-1.6.3.jar
2023-02-10 10:21:53,810 [Worker-0: Launching Executing install in C__Users_Núcleo_eclipse-workspace_contas-pagar] INFO  o.eclipse.m2e.core.internal.Bundles - 	Entry: C:\Users\Núcleo\eclipse\plugins\org.eclipse.m2e.maven.runtime_3.8.604.20221130-2149\jars\maven-resolver-impl-1.6.3.jar
2023-02-10 10:21:53,810 [Worker-0: Launching Executing install in C__Users_Núcleo_eclipse-workspace_contas-pagar] INFO  o.eclipse.m2e.core.internal.Bundles - 	Entry: C:\Users\Núcleo\eclipse\plugins\org.eclipse.m2e.maven.runtime_3.8.604.20221130-2149\jars\maven-resolver-provider-3.8.6.jar
2023-02-10 10:21:53,810 [Worker-0: Launching Executing install in C__Users_Núcleo_eclipse-workspace_contas-pagar] INFO  o.eclipse.m2e.core.internal.Bundles - 	Entry: C:\Users\Núcleo\eclipse\plugins\org.eclipse.m2e.maven.runtime_3.8.604.20221130-2149\jars\maven-resolver-spi-1.6.3.jar
2023-02-10 10:21:53,810 [Worker-0: Launching Executing install in C__Users_Núcleo_eclipse-workspace_contas-pagar] INFO  o.eclipse.m2e.core.internal.Bundles - 	Entry: C:\Users\Núcleo\eclipse\plugins\org.eclipse.m2e.maven.runtime_3.8.604.20221130-2149\jars\maven-resolver-transport-wagon-1.6.3.jar
2023-02-10 10:21:53,810 [Worker-0: Launching Executing install in C__Users_Núcleo_eclipse-workspace_contas-pagar] INFO  o.eclipse.m2e.core.internal.Bundles - 	Entry: C:\Users\Núcleo\eclipse\plugins\org.eclipse.m2e.maven.runtime_3.8.604.20221130-2149\jars\maven-resolver-util-1.6.3.jar
2023-02-10 10:21:53,810 [Worker-0: Launching Executing install in C__Users_Núcleo_eclipse-workspace_contas-pagar] INFO  o.eclipse.m2e.core.internal.Bundles - 	Entry: C:\Users\Núcleo\eclipse\plugins\org.eclipse.m2e.maven.runtime_3.8.604.20221130-2149\jars\maven-settings-3.8.6.jar
2023-02-10 10:21:53,811 [Worker-0: Launching Executing install in C__Users_Núcleo_eclipse-workspace_contas-pagar] INFO  o.eclipse.m2e.core.internal.Bundles - 	Entry: C:\Users\Núcleo\eclipse\plugins\org.eclipse.m2e.maven.runtime_3.8.604.20221130-2149\jars\maven-settings-builder-3.8.6.jar
2023-02-10 10:21:53,811 [Worker-0: Launching Executing install in C__Users_Núcleo_eclipse-workspace_contas-pagar] INFO  o.eclipse.m2e.core.internal.Bundles - 	Entry: C:\Users\Núcleo\eclipse\plugins\org.eclipse.m2e.maven.runtime_3.8.604.20221130-2149\jars\maven-shared-utils-3.3.4.jar
2023-02-10 10:21:53,811 [Worker-0: Launching Executing install in C__Users_Núcleo_eclipse-workspace_contas-pagar] INFO  o.eclipse.m2e.core.internal.Bundles - 	Entry: C:\Users\Núcleo\eclipse\plugins\org.eclipse.m2e.maven.runtime_3.8.604.20221130-2149\jars\okhttp-3.14.1.jar
2023-02-10 10:21:53,811 [Worker-0: Launching Executing install in C__Users_Núcleo_eclipse-workspace_contas-pagar] INFO  o.eclipse.m2e.core.internal.Bundles - 	Entry: C:\Users\Núcleo\eclipse\plugins\org.eclipse.m2e.maven.runtime_3.8.604.20221130-2149\jars\okio-1.17.3.jar
2023-02-10 10:21:53,811 [Worker-0: Launching Executing install in C__Users_Núcleo_eclipse-workspace_contas-pagar] INFO  o.eclipse.m2e.core.internal.Bundles - 	Entry: C:\Users\Núcleo\eclipse\plugins\org.eclipse.m2e.maven.runtime_3.8.604.20221130-2149\jars\org.eclipse.sisu.inject-0.3.5.jar
2023-02-10 10:21:53,811 [Worker-0: Launching Executing install in C__Users_Núcleo_eclipse-workspace_contas-pagar] INFO  o.eclipse.m2e.core.internal.Bundles - 	Entry: C:\Users\Núcleo\eclipse\plugins\org.eclipse.m2e.maven.runtime_3.8.604.20221130-2149\jars\org.eclipse.sisu.plexus-0.3.5.jar
2023-02-10 10:21:53,812 [Worker-0: Launching Executing install in C__Users_Núcleo_eclipse-workspace_contas-pagar] INFO  o.eclipse.m2e.core.internal.Bundles - 	Entry: C:\Users\Núcleo\eclipse\plugins\org.eclipse.m2e.maven.runtime_3.8.604.20221130-2149\jars\plexus-build-api-0.0.7.jar
2023-02-10 10:21:53,812 [Worker-0: Launching Executing install in C__Users_Núcleo_eclipse-workspace_contas-pagar] INFO  o.eclipse.m2e.core.internal.Bundles - 	Entry: C:\Users\Núcleo\eclipse\plugins\org.eclipse.m2e.maven.runtime_3.8.604.20221130-2149\jars\plexus-cipher-2.0.jar
2023-02-10 10:21:53,812 [Worker-0: Launching Executing install in C__Users_Núcleo_eclipse-workspace_contas-pagar] INFO  o.eclipse.m2e.core.internal.Bundles - 	Entry: C:\Users\Núcleo\eclipse\plugins\org.eclipse.m2e.maven.runtime_3.8.604.20221130-2149\jars\plexus-classworlds-2.6.0.jar
2023-02-10 10:21:53,812 [Worker-0: Launching Executing install in C__Users_Núcleo_eclipse-workspace_contas-pagar] INFO  o.eclipse.m2e.core.internal.Bundles - 	Entry: C:\Users\Núcleo\eclipse\plugins\org.eclipse.m2e.maven.runtime_3.8.604.20221130-2149\jars\plexus-component-annotations-2.1.0.jar
2023-02-10 10:21:53,812 [Worker-0: Launching Executing install in C__Users_Núcleo_eclipse-workspace_contas-pagar] INFO  o.eclipse.m2e.core.internal.Bundles - 	Entry: C:\Users\Núcleo\eclipse\plugins\org.eclipse.m2e.maven.runtime_3.8.604.20221130-2149\jars\plexus-interpolation-1.26.jar
2023-02-10 10:21:53,812 [Worker-0: Launching Executing install in C__Users_Núcleo_eclipse-workspace_contas-pagar] INFO  o.eclipse.m2e.core.internal.Bundles - 	Entry: C:\Users\Núcleo\eclipse\plugins\org.eclipse.m2e.maven.runtime_3.8.604.20221130-2149\jars\plexus-sec-dispatcher-2.0.jar
2023-02-10 10:21:53,812 [Worker-0: Launching Executing install in C__Users_Núcleo_eclipse-workspace_contas-pagar] INFO  o.eclipse.m2e.core.internal.Bundles - 	Entry: C:\Users\Núcleo\eclipse\plugins\org.eclipse.m2e.maven.runtime_3.8.604.20221130-2149\jars\plexus-utils-3.3.1.jar
2023-02-10 10:21:53,813 [Worker-0: Launching Executing install in C__Users_Núcleo_eclipse-workspace_contas-pagar] INFO  o.eclipse.m2e.core.internal.Bundles - 	Entry: C:\Users\Núcleo\eclipse\plugins\org.eclipse.m2e.maven.runtime_3.8.604.20221130-2149\jars\wagon-file-3.5.1.jar
2023-02-10 10:21:53,813 [Worker-0: Launching Executing install in C__Users_Núcleo_eclipse-workspace_contas-pagar] INFO  o.eclipse.m2e.core.internal.Bundles - 	Entry: C:\Users\Núcleo\eclipse\plugins\org.eclipse.m2e.maven.runtime_3.8.604.20221130-2149\jars\wagon-provider-api-3.5.1.jar
2023-02-10 10:21:53,814 [Worker-0: Launching Executing install in C__Users_Núcleo_eclipse-workspace_contas-pagar] INFO  o.eclipse.m2e.core.internal.Bundles - getClasspathEntries(Bundle=com.google.guava_30.1.0.v20221112-0806 [8])
2023-02-10 10:21:53,815 [Worker-0: Launching Executing install in C__Users_Núcleo_eclipse-workspace_contas-pagar] INFO  o.eclipse.m2e.core.internal.Bundles - 	Entry: C:\Users\Núcleo\eclipse\plugins\com.google.guava_30.1.0.v20221112-0806.jar
2023-02-10 10:21:53,815 [Worker-0: Launching Executing install in C__Users_Núcleo_eclipse-workspace_contas-pagar] INFO  o.eclipse.m2e.core.internal.Bundles - getClasspathEntries(Bundle=slf4j.api_1.7.36 [434])
2023-02-10 10:21:53,816 [Worker-0: Launching Executing install in C__Users_Núcleo_eclipse-workspace_contas-pagar] INFO  o.eclipse.m2e.core.internal.Bundles - 	Entry: C:\Users\Núcleo\eclipse\plugins\slf4j.api_1.7.36.jar
2023-02-10 10:21:53,816 [Worker-0: Launching Executing install in C__Users_Núcleo_eclipse-workspace_contas-pagar] INFO  o.eclipse.m2e.core.internal.Bundles - getClasspathEntries(Bundle=javax.inject_1.0.0.v20220405-0441 [18])
2023-02-10 10:21:53,817 [Worker-0: Launching Executing install in C__Users_Núcleo_eclipse-workspace_contas-pagar] INFO  o.eclipse.m2e.core.internal.Bundles - 	Entry: C:\Users\Núcleo\eclipse\plugins\javax.inject_1.0.0.v20220405-0441.jar
2023-02-10 10:21:53,817 [Worker-0: Launching Executing install in C__Users_Núcleo_eclipse-workspace_contas-pagar] INFO  o.eclipse.m2e.core.internal.Bundles - getClasspathEntries(Bundle=javax.annotation_1.3.5.v20221112-0806 [16])
2023-02-10 10:21:53,817 [Worker-0: Launching Executing install in C__Users_Núcleo_eclipse-workspace_contas-pagar] INFO  o.eclipse.m2e.core.internal.Bundles - 	Entry: C:\Users\Núcleo\eclipse\plugins\javax.annotation_1.3.5.v20221112-0806.jar
2023-02-10 10:21:53,820 [Worker-0: Launching Executing install in C__Users_Núcleo_eclipse-workspace_contas-pagar] INFO  o.e.m.i.launch.MavenLaunchDelegate - Run build in "C:\Users\Núcleo\eclipse-workspace\contas-pagar":
2023-02-10 10:21:53,823 [Worker-0: Launching Executing install in C__Users_Núcleo_eclipse-workspace_contas-pagar] INFO  o.e.m.i.launch.MavenLaunchDelegate -  mvn  -B -Dstyle.color=always install
2023-02-10 10:24:28,303 [Worker-29: Building] INFO  o.e.m.c.i.l.LifecycleMappingFactory - Using org.eclipse.m2e.jdt.JarLifecycleMapping lifecycle mapping for MavenProject: br.com.viladev.financeiro:contas-pagar:0.0.1-SNAPSHOT @ C:\Users\Núcleo\eclipse-workspace\contas-pagar\pom.xml.
2023-02-10 10:24:28,397 [Worker-29: Building] WARN  o.e.m.c.i.embedder.EclipseLogger - Using platform encoding (Cp1252 actually) to copy filtered resources, i.e. build is platform dependent!
2023-02-10 10:24:28,400 [Worker-29: Building] INFO  o.e.m.c.i.embedder.EclipseLogger - Copying 0 resource
2023-02-10 10:24:28,403 [Worker-29: Building] WARN  o.e.m.c.i.embedder.EclipseLogger - Using platform encoding (Cp1252 actually) to copy filtered resources, i.e. build is platform dependent!
2023-02-10 10:24:28,405 [Worker-29: Building] INFO  o.e.m.c.i.embedder.EclipseLogger - Copying 0 resource
2023-02-10 10:24:47,286 [Worker-29: Building] INFO  o.e.m.c.i.l.LifecycleMappingFactory - Using org.eclipse.m2e.jdt.JarLifecycleMapping lifecycle mapping for MavenProject: br.com.viladev.financeiro:contas-pagar:0.0.1-SNAPSHOT @ C:\Users\Núcleo\eclipse-workspace\contas-pagar\pom.xml.
2023-02-10 10:24:47,362 [Worker-29: Building] WARN  o.e.m.c.i.embedder.EclipseLogger - Using platform encoding (Cp1252 actually) to copy filtered resources, i.e. build is platform dependent!
2023-02-10 10:24:47,365 [Worker-29: Building] INFO  o.e.m.c.i.embedder.EclipseLogger - Copying 0 resource
2023-02-10 10:24:47,367 [Worker-29: Building] WARN  o.e.m.c.i.embedder.EclipseLogger - Using platform encoding (Cp1252 actually) to copy filtered resources, i.e. build is platform dependent!
2023-02-10 10:24:47,368 [Worker-29: Building] INFO  o.e.m.c.i.embedder.EclipseLogger - Copying 0 resource
2023-02-10 10:24:55,829 [Worker-29: Building] INFO  o.e.m.c.i.l.LifecycleMappingFactory - Using org.eclipse.m2e.jdt.JarLifecycleMapping lifecycle mapping for MavenProject: br.com.viladev.financeiro:contas-pagar:0.0.1-SNAPSHOT @ C:\Users\Núcleo\eclipse-workspace\contas-pagar\pom.xml.
2023-02-10 10:24:55,899 [Worker-29: Building] WARN  o.e.m.c.i.embedder.EclipseLogger - Using platform encoding (Cp1252 actually) to copy filtered resources, i.e. build is platform dependent!
2023-02-10 10:24:55,901 [Worker-29: Building] INFO  o.e.m.c.i.embedder.EclipseLogger - Copying 0 resource
2023-02-10 10:24:55,903 [Worker-29: Building] WARN  o.e.m.c.i.embedder.EclipseLogger - Using platform encoding (Cp1252 actually) to copy filtered resources, i.e. build is platform dependent!
2023-02-10 10:24:55,904 [Worker-29: Building] INFO  o.e.m.c.i.embedder.EclipseLogger - Copying 0 resource
2023-02-10 10:25:23,390 [Worker-25: Building] INFO  o.e.m.c.i.l.LifecycleMappingFactory - Using org.eclipse.m2e.jdt.JarLifecycleMapping lifecycle mapping for MavenProject: br.com.viladev.financeiro:contas-pagar:0.0.1-SNAPSHOT @ C:\Users\Núcleo\eclipse-workspace\contas-pagar\pom.xml.
2023-02-10 10:25:24,072 [Worker-25: Building] INFO  o.e.m.c.i.e.AbstractTransferListenerAdapter - Downloading https://repo.maven.apache.org/maven2/mysql/mysql-connector-java/8.0.32/mysql-connector-java-8.0.32.pom
2023-02-10 10:25:24,266 [Worker-25: Building] INFO  o.e.m.c.i.e.AbstractTransferListenerAdapter - Downloaded https://repo.maven.apache.org/maven2/mysql/mysql-connector-java/8.0.32/mysql-connector-java-8.0.32.pom
2023-02-10 10:25:24,396 [Worker-25: Building] INFO  o.e.m.c.i.e.AbstractTransferListenerAdapter - Downloading https://repo.maven.apache.org/maven2/com/google/protobuf/protobuf-java/3.21.9/protobuf-java-3.21.9.pom
2023-02-10 10:25:24,517 [Worker-25: Building] INFO  o.e.m.c.i.e.AbstractTransferListenerAdapter - Downloaded https://repo.maven.apache.org/maven2/com/google/protobuf/protobuf-java/3.21.9/protobuf-java-3.21.9.pom
2023-02-10 10:25:24,618 [Worker-25: Building] INFO  o.e.m.c.i.e.AbstractTransferListenerAdapter - Downloading https://repo.maven.apache.org/maven2/com/google/protobuf/protobuf-parent/3.21.9/protobuf-parent-3.21.9.pom
2023-02-10 10:25:24,739 [Worker-25: Building] INFO  o.e.m.c.i.e.AbstractTransferListenerAdapter - Downloaded https://repo.maven.apache.org/maven2/com/google/protobuf/protobuf-parent/3.21.9/protobuf-parent-3.21.9.pom
2023-02-10 10:25:24,842 [Worker-25: Building] INFO  o.e.m.c.i.e.AbstractTransferListenerAdapter - Downloading https://repo.maven.apache.org/maven2/com/google/protobuf/protobuf-bom/3.21.9/protobuf-bom-3.21.9.pom
2023-02-10 10:25:24,948 [Worker-25: Building] INFO  o.e.m.c.i.e.AbstractTransferListenerAdapter - Downloaded https://repo.maven.apache.org/maven2/com/google/protobuf/protobuf-bom/3.21.9/protobuf-bom-3.21.9.pom
2023-02-10 10:25:24,951 [Worker-25: Building] WARN  o.e.m.c.i.embedder.EclipseLogger - The artifact mysql:mysql-connector-java:jar:8.0.32 has been relocated to com.mysql:mysql-connector-j:jar:8.0.32: MySQL Connector/J artifacts moved to reverse-DNS compliant Maven 2+ coordinates.
2023-02-10 10:25:25,054 [AetherRepositoryConnector-repo.maven.apache.org-0-1] INFO  o.e.m.c.i.e.AbstractTransferListenerAdapter - Downloading https://repo.maven.apache.org/maven2/com/google/protobuf/protobuf-java/3.21.9/protobuf-java-3.21.9.jar
2023-02-10 10:25:25,155 [AetherRepositoryConnector-repo.maven.apache.org-0-0] INFO  o.e.m.c.i.e.AbstractTransferListenerAdapter - Downloading https://repo.maven.apache.org/maven2/com/mysql/mysql-connector-j/8.0.32/mysql-connector-j-8.0.32.jar
2023-02-10 10:25:26,307 [AetherRepositoryConnector-repo.maven.apache.org-0-0] INFO  o.e.m.c.i.e.AbstractTransferListenerAdapter - Downloaded https://repo.maven.apache.org/maven2/com/mysql/mysql-connector-j/8.0.32/mysql-connector-j-8.0.32.jar
2023-02-10 10:25:26,495 [AetherRepositoryConnector-repo.maven.apache.org-0-1] INFO  o.e.m.c.i.e.AbstractTransferListenerAdapter - Downloaded https://repo.maven.apache.org/maven2/com/google/protobuf/protobuf-java/3.21.9/protobuf-java-3.21.9.jar
2023-02-10 10:25:26,617 [Worker-25: Building] WARN  o.e.m.c.i.embedder.EclipseLogger - Using platform encoding (Cp1252 actually) to copy filtered resources, i.e. build is platform dependent!
2023-02-10 10:25:26,620 [Worker-25: Building] INFO  o.e.m.c.i.embedder.EclipseLogger - Copying 0 resource
2023-02-10 10:25:26,623 [Worker-25: Building] WARN  o.e.m.c.i.embedder.EclipseLogger - Using platform encoding (Cp1252 actually) to copy filtered resources, i.e. build is platform dependent!
2023-02-10 10:25:26,625 [Worker-25: Building] INFO  o.e.m.c.i.embedder.EclipseLogger - Copying 0 resource
2023-02-10 10:25:27,898 [Worker-25: Download sources and javadoc] INFO  o.e.m.c.i.e.AbstractTransferListenerAdapter - Downloading https://repo.maven.apache.org/maven2/com/mysql/mysql-connector-j/8.0.32/mysql-connector-j-8.0.32-sources.jar
2023-02-10 10:25:28,003 [Worker-22: Building] WARN  o.e.m.c.i.embedder.EclipseLogger - Using platform encoding (Cp1252 actually) to copy filtered resources, i.e. build is platform dependent!
2023-02-10 10:25:28,006 [Worker-22: Building] INFO  o.e.m.c.i.embedder.EclipseLogger - Copying 0 resource
2023-02-10 10:25:28,008 [Worker-22: Building] WARN  o.e.m.c.i.embedder.EclipseLogger - Using platform encoding (Cp1252 actually) to copy filtered resources, i.e. build is platform dependent!
2023-02-10 10:25:28,009 [Worker-22: Building] INFO  o.e.m.c.i.embedder.EclipseLogger - Copying 0 resource
2023-02-10 10:25:28,599 [Worker-25: Download sources and javadoc] INFO  o.e.m.c.i.e.AbstractTransferListenerAdapter - Downloaded https://repo.maven.apache.org/maven2/com/mysql/mysql-connector-j/8.0.32/mysql-connector-j-8.0.32-sources.jar
2023-02-10 10:25:28,603 [Worker-25: Download sources and javadoc] INFO  o.e.m.j.internal.DownloadSourcesJob - Downloaded sources for com.mysql:mysql-connector-j:8.0.32
2023-02-10 10:25:29,090 [Worker-25: Download sources and javadoc] INFO  o.e.m.c.i.e.AbstractTransferListenerAdapter - Downloading https://repo.maven.apache.org/maven2/com/google/protobuf/protobuf-java/3.21.9/protobuf-java-3.21.9-sources.jar
2023-02-10 10:25:29,868 [Worker-25: Download sources and javadoc] INFO  o.e.m.c.i.e.AbstractTransferListenerAdapter - Downloaded https://repo.maven.apache.org/maven2/com/google/protobuf/protobuf-java/3.21.9/protobuf-java-3.21.9-sources.jar
2023-02-10 10:25:29,885 [Worker-25: Download sources and javadoc] INFO  o.e.m.j.internal.DownloadSourcesJob - Downloaded sources for com.google.protobuf:protobuf-java:3.21.9
2023-02-10 10:25:30,028 [Worker-29: Building] WARN  o.e.m.c.i.embedder.EclipseLogger - Using platform encoding (Cp1252 actually) to copy filtered resources, i.e. build is platform dependent!
2023-02-10 10:25:30,029 [Worker-29: Building] INFO  o.e.m.c.i.embedder.EclipseLogger - Copying 0 resource
2023-02-10 10:25:30,031 [Worker-29: Building] WARN  o.e.m.c.i.embedder.EclipseLogger - Using platform encoding (Cp1252 actually) to copy filtered resources, i.e. build is platform dependent!
2023-02-10 10:25:30,032 [Worker-29: Building] INFO  o.e.m.c.i.embedder.EclipseLogger - Copying 0 resource
2023-02-10 10:25:34,585 [Worker-22: Building] INFO  o.e.m.c.i.l.LifecycleMappingFactory - Using org.eclipse.m2e.jdt.JarLifecycleMapping lifecycle mapping for MavenProject: br.com.viladev.financeiro:contas-pagar:0.0.1-SNAPSHOT @ C:\Users\Núcleo\eclipse-workspace\contas-pagar\pom.xml.
2023-02-10 10:25:34,595 [Worker-22: Building] WARN  o.e.m.c.i.embedder.EclipseLogger - The artifact mysql:mysql-connector-java:jar:8.0.32 has been relocated to com.mysql:mysql-connector-j:jar:8.0.32: MySQL Connector/J artifacts moved to reverse-DNS compliant Maven 2+ coordinates.
2023-02-10 10:25:34,668 [Worker-22: Building] WARN  o.e.m.c.i.embedder.EclipseLogger - Using platform encoding (Cp1252 actually) to copy filtered resources, i.e. build is platform dependent!
2023-02-10 10:25:34,671 [Worker-22: Building] INFO  o.e.m.c.i.embedder.EclipseLogger - Copying 0 resource
2023-02-10 10:25:34,673 [Worker-22: Building] WARN  o.e.m.c.i.embedder.EclipseLogger - Using platform encoding (Cp1252 actually) to copy filtered resources, i.e. build is platform dependent!
2023-02-10 10:25:34,674 [Worker-22: Building] INFO  o.e.m.c.i.embedder.EclipseLogger - Copying 0 resource
2023-02-10 10:25:45,155 [Worker-27: Launching Executing install in C__Users_Núcleo_eclipse-workspace_contas-pagar] INFO  o.e.m.i.launch.MavenLaunchDelegate - Run build in "C:\Users\Núcleo\eclipse-workspace\contas-pagar":
2023-02-10 10:25:45,155 [Worker-27: Launching Executing install in C__Users_Núcleo_eclipse-workspace_contas-pagar] INFO  o.e.m.i.launch.MavenLaunchDelegate -  mvn  -B -Dstyle.color=always install
2023-02-10 10:25:52,114 [Worker-29: Building] WARN  o.e.m.c.i.embedder.EclipseLogger - Using platform encoding (Cp1252 actually) to copy filtered resources, i.e. build is platform dependent!
2023-02-10 10:25:52,115 [Worker-29: Building] INFO  o.e.m.c.i.embedder.EclipseLogger - Copying 0 resource
2023-02-10 10:25:52,116 [Worker-29: Building] WARN  o.e.m.c.i.embedder.EclipseLogger - Using platform encoding (Cp1252 actually) to copy filtered resources, i.e. build is platform dependent!
2023-02-10 10:25:52,117 [Worker-29: Building] INFO  o.e.m.c.i.embedder.EclipseLogger - Copying 0 resource
2023-02-10 10:29:24,747 [Worker-25: Building] WARN  o.e.m.c.i.embedder.EclipseLogger - Using platform encoding (Cp1252 actually) to copy filtered resources, i.e. build is platform dependent!
2023-02-10 10:29:24,749 [Worker-25: Building] INFO  o.e.m.c.i.embedder.EclipseLogger - Copying 0 resource
2023-02-10 10:29:24,753 [Worker-25: Building] WARN  o.e.m.c.i.embedder.EclipseLogger - Using platform encoding (Cp1252 actually) to copy filtered resources, i.e. build is platform dependent!
2023-02-10 10:29:24,755 [Worker-25: Building] INFO  o.e.m.c.i.embedder.EclipseLogger - Copying 0 resource
2023-02-10 10:29:28,565 [Worker-32: Building] WARN  o.e.m.c.i.embedder.EclipseLogger - Using platform encoding (Cp1252 actually) to copy filtered resources, i.e. build is platform dependent!
2023-02-10 10:29:28,567 [Worker-32: Building] INFO  o.e.m.c.i.embedder.EclipseLogger - Copying 0 resource
2023-02-10 10:29:28,570 [Worker-32: Building] WARN  o.e.m.c.i.embedder.EclipseLogger - Using platform encoding (Cp1252 actually) to copy filtered resources, i.e. build is platform dependent!
2023-02-10 10:29:28,572 [Worker-32: Building] INFO  o.e.m.c.i.embedder.EclipseLogger - Copying 0 resource
2023-02-10 10:29:40,599 [Worker-32: Building] WARN  o.e.m.c.i.embedder.EclipseLogger - Using platform encoding (Cp1252 actually) to copy filtered resources, i.e. build is platform dependent!
2023-02-10 10:29:40,601 [Worker-32: Building] INFO  o.e.m.c.i.embedder.EclipseLogger - Copying 0 resource
2023-02-10 10:29:40,603 [Worker-32: Building] WARN  o.e.m.c.i.embedder.EclipseLogger - Using platform encoding (Cp1252 actually) to copy filtered resources, i.e. build is platform dependent!
2023-02-10 10:29:40,604 [Worker-32: Building] INFO  o.e.m.c.i.embedder.EclipseLogger - Copying 0 resource
2023-02-10 10:29:51,662 [Worker-30: Building] WARN  o.e.m.c.i.embedder.EclipseLogger - Using platform encoding (Cp1252 actually) to copy filtered resources, i.e. build is platform dependent!
2023-02-10 10:29:51,664 [Worker-30: Building] INFO  o.e.m.c.i.embedder.EclipseLogger - Copying 0 resource
2023-02-10 10:29:51,667 [Worker-30: Building] WARN  o.e.m.c.i.embedder.EclipseLogger - Using platform encoding (Cp1252 actually) to copy filtered resources, i.e. build is platform dependent!
2023-02-10 10:29:51,669 [Worker-30: Building] INFO  o.e.m.c.i.embedder.EclipseLogger - Copying 0 resource
2023-02-10 10:30:25,161 [Worker-25: Building] WARN  o.e.m.c.i.embedder.EclipseLogger - Using platform encoding (Cp1252 actually) to copy filtered resources, i.e. build is platform dependent!
2023-02-10 10:30:25,163 [Worker-25: Building] INFO  o.e.m.c.i.embedder.EclipseLogger - Copying 0 resource
2023-02-10 10:30:25,167 [Worker-25: Building] WARN  o.e.m.c.i.embedder.EclipseLogger - Using platform encoding (Cp1252 actually) to copy filtered resources, i.e. build is platform dependent!
2023-02-10 10:30:25,169 [Worker-25: Building] INFO  o.e.m.c.i.embedder.EclipseLogger - Copying 0 resource
2023-02-10 10:30:31,385 [Worker-32: Building] WARN  o.e.m.c.i.embedder.EclipseLogger - Using platform encoding (Cp1252 actually) to copy filtered resources, i.e. build is platform dependent!
2023-02-10 10:30:31,387 [Worker-32: Building] INFO  o.e.m.c.i.embedder.EclipseLogger - Copying 0 resource
2023-02-10 10:30:31,392 [Worker-32: Building] WARN  o.e.m.c.i.embedder.EclipseLogger - Using platform encoding (Cp1252 actually) to copy filtered resources, i.e. build is platform dependent!
2023-02-10 10:30:31,394 [Worker-32: Building] INFO  o.e.m.c.i.embedder.EclipseLogger - Copying 0 resource
2023-02-10 10:31:51,404 [Worker-34: Building] WARN  o.e.m.c.i.embedder.EclipseLogger - Using platform encoding (Cp1252 actually) to copy filtered resources, i.e. build is platform dependent!
2023-02-10 10:31:51,406 [Worker-34: Building] INFO  o.e.m.c.i.embedder.EclipseLogger - Copying 0 resource
2023-02-10 10:31:51,407 [Worker-34: Building] WARN  o.e.m.c.i.embedder.EclipseLogger - Using platform encoding (Cp1252 actually) to copy filtered resources, i.e. build is platform dependent!
2023-02-10 10:31:51,408 [Worker-34: Building] INFO  o.e.m.c.i.embedder.EclipseLogger - Copying 0 resource
2023-02-10 10:32:10,217 [Worker-34: Building] WARN  o.e.m.c.i.embedder.EclipseLogger - Using platform encoding (Cp1252 actually) to copy filtered resources, i.e. build is platform dependent!
2023-02-10 10:32:10,219 [Worker-34: Building] INFO  o.e.m.c.i.embedder.EclipseLogger - Copying 0 resource
2023-02-10 10:32:10,221 [Worker-34: Building] WARN  o.e.m.c.i.embedder.EclipseLogger - Using platform encoding (Cp1252 actually) to copy filtered resources, i.e. build is platform dependent!
2023-02-10 10:32:10,223 [Worker-34: Building] INFO  o.e.m.c.i.embedder.EclipseLogger - Copying 0 resource
2023-02-10 10:32:14,286 [Worker-25: Building] WARN  o.e.m.c.i.embedder.EclipseLogger - Using platform encoding (Cp1252 actually) to copy filtered resources, i.e. build is platform dependent!
2023-02-10 10:32:14,288 [Worker-25: Building] INFO  o.e.m.c.i.embedder.EclipseLogger - Copying 0 resource
2023-02-10 10:32:14,290 [Worker-25: Building] WARN  o.e.m.c.i.embedder.EclipseLogger - Using platform encoding (Cp1252 actually) to copy filtered resources, i.e. build is platform dependent!
2023-02-10 10:32:14,291 [Worker-25: Building] INFO  o.e.m.c.i.embedder.EclipseLogger - Copying 0 resource
2023-02-10 10:32:23,233 [Worker-35: Building] WARN  o.e.m.c.i.embedder.EclipseLogger - Using platform encoding (Cp1252 actually) to copy filtered resources, i.e. build is platform dependent!
2023-02-10 10:32:23,235 [Worker-35: Building] INFO  o.e.m.c.i.embedder.EclipseLogger - Copying 0 resource
2023-02-10 10:32:23,236 [Worker-35: Building] WARN  o.e.m.c.i.embedder.EclipseLogger - Using platform encoding (Cp1252 actually) to copy filtered resources, i.e. build is platform dependent!
2023-02-10 10:32:23,237 [Worker-35: Building] INFO  o.e.m.c.i.embedder.EclipseLogger - Copying 0 resource
2023-02-10 10:32:52,118 [Worker-34: Building] WARN  o.e.m.c.i.embedder.EclipseLogger - Using platform encoding (Cp1252 actually) to copy filtered resources, i.e. build is platform dependent!
2023-02-10 10:32:52,119 [Worker-34: Building] INFO  o.e.m.c.i.embedder.EclipseLogger - Copying 0 resource
2023-02-10 10:32:52,121 [Worker-34: Building] WARN  o.e.m.c.i.embedder.EclipseLogger - Using platform encoding (Cp1252 actually) to copy filtered resources, i.e. build is platform dependent!
2023-02-10 10:32:52,122 [Worker-34: Building] INFO  o.e.m.c.i.embedder.EclipseLogger - Copying 0 resource
2023-02-10 10:33:00,100 [Worker-34: Building] WARN  o.e.m.c.i.embedder.EclipseLogger - Using platform encoding (Cp1252 actually) to copy filtered resources, i.e. build is platform dependent!
2023-02-10 10:33:00,102 [Worker-34: Building] INFO  o.e.m.c.i.embedder.EclipseLogger - Copying 0 resource
2023-02-10 10:33:00,103 [Worker-34: Building] WARN  o.e.m.c.i.embedder.EclipseLogger - Using platform encoding (Cp1252 actually) to copy filtered resources, i.e. build is platform dependent!
2023-02-10 10:33:00,105 [Worker-34: Building] INFO  o.e.m.c.i.embedder.EclipseLogger - Copying 0 resource
2023-02-10 10:34:08,134 [Worker-34: Building] WARN  o.e.m.c.i.embedder.EclipseLogger - Using platform encoding (Cp1252 actually) to copy filtered resources, i.e. build is platform dependent!
2023-02-10 10:34:08,137 [Worker-34: Building] INFO  o.e.m.c.i.embedder.EclipseLogger - Copying 0 resource
2023-02-10 10:34:08,139 [Worker-34: Building] WARN  o.e.m.c.i.embedder.EclipseLogger - Using platform encoding (Cp1252 actually) to copy filtered resources, i.e. build is platform dependent!
2023-02-10 10:34:08,141 [Worker-34: Building] INFO  o.e.m.c.i.embedder.EclipseLogger - Copying 0 resource
